# JRE version: OpenJDK Runtime Environment (8.0_242-b08) (build 1.8.0_242-8u242-b08-0ubuntu3~16.04-b08)
# Java VM: OpenJDK 64-Bit Server VM (25.242-b08 mixed mode linux-amd64 compressed oops)
Heap:
 garbage-first heap   total 610304K, used 168032K [0x00000000c0000000, 0x00000000c01012a0, 0x0000000100000000)
  region size 1024K, 12 young (12288K), 12 survivors (12288K)
 Metaspace       used 47161K, capacity 49708K, committed 49872K, reserved 1093632K
  class space    used 5742K, capacity 6617K, committed 6656K, reserved 1048576K
GC Heap History (10 events):
Event: 12.733 GC heap after
Heap after GC invocations=22 (full 0):
 garbage-first heap   total 190464K, used 95776K [0x00000000c0000000, 0x00000000c01005d0, 0x0000000100000000)
  region size 1024K, 8 young (8192K), 8 survivors (8192K)
 Metaspace       used 44260K, capacity 46666K, committed 47056K, reserved 1089536K
  class space    used 5185K, capacity 6030K, committed 6144K, reserved 1048576K
}
Event: 12.897 GC heap before
{Heap before GC invocations=22 (full 0):
 garbage-first heap   total 190464K, used 161312K [0x00000000c0000000, 0x00000000c01005d0, 0x0000000100000000)
  region size 1024K, 72 young (73728K), 8 survivors (8192K)
 Metaspace       used 44955K, capacity 47402K, committed 47696K, reserved 1091584K
  class space    used 5340K, capacity 6190K, committed 6272K, reserved 1048576K
Event: 12.936 GC heap after
Heap after GC invocations=23 (full 0):
 garbage-first heap   total 190464K, used 98848K [0x00000000c0000000, 0x00000000c01005d0, 0x0000000100000000)
  region size 1024K, 9 young (9216K), 9 survivors (9216K)
 Metaspace       used 44955K, capacity 47402K, committed 47696K, reserved 1091584K
  class space    used 5340K, capacity 6190K, committed 6272K, reserved 1048576K
}
Event: 13.176 GC heap before
{Heap before GC invocations=23 (full 0):
 garbage-first heap   total 190464K, used 161312K [0x00000000c0000000, 0x00000000c01005d0, 0x0000000100000000)
  region size 1024K, 70 young (71680K), 9 survivors (9216K)
 Metaspace       used 45302K, capacity 47754K, committed 48080K, reserved 1091584K
  class space    used 5427K, capacity 6286K, committed 6400K, reserved 1048576K
Event: 13.198 GC heap after
Heap after GC invocations=24 (full 0):
 garbage-first heap   total 190464K, used 104992K [0x00000000c0000000, 0x00000000c01005d0, 0x0000000100000000)
  region size 1024K, 9 young (9216K), 9 survivors (9216K)
 Metaspace       used 45302K, capacity 47754K, committed 48080K, reserved 1091584K
  class space    used 5427K, capacity 6286K, committed 6400K, reserved 1048576K
}
Event: 13.430 GC heap before
{Heap before GC invocations=25 (full 0):
 garbage-first heap   total 190464K, used 160448K [0x00000000c0000000, 0x00000000c01005d0, 0x0000000100000000)
  region size 1024K, 64 young (65536K), 9 survivors (9216K)
 Metaspace       used 45688K, capacity 48170K, committed 48464K, reserved 1091584K
  class space    used 5546K, capacity 6430K, committed 6528K, reserved 1048576K
Event: 13.471 GC heap after
Heap after GC invocations=26 (full 0):
 garbage-first heap   total 362496K, used 107199K [0x00000000c0000000, 0x00000000c0100b10, 0x0000000100000000)
  region size 1024K, 8 young (8192K), 8 survivors (8192K)
 Metaspace       used 45688K, capacity 48170K, committed 48464K, reserved 1091584K
  class space    used 5546K, capacity 6430K, committed 6528K, reserved 1048576K
}
Event: 15.964 GC heap before
{Heap before GC invocations=26 (full 0):
 garbage-first heap   total 362496K, used 286816K [0x00000000c0000000, 0x00000000c0100b10, 0x0000000100000000)
  region size 1024K, 175 young (179200K), 8 survivors (8192K)
 Metaspace       used 46669K, capacity 49194K, committed 49360K, reserved 1091584K
  class space    used 5678K, capacity 6558K, committed 6656K, reserved 1048576K
Event: 16.178 GC heap after
Heap after GC invocations=27 (full 0):
 garbage-first heap   total 499712K, used 149600K [0x00000000c0000000, 0x00000000c0100f40, 0x0000000100000000)
  region size 1024K, 3 young (3072K), 3 survivors (3072K)
 Metaspace       used 46669K, capacity 49194K, committed 49360K, reserved 1091584K
  class space    used 5678K, capacity 6558K, committed 6656K, reserved 1048576K
}
Event: 18.227 GC heap before
{Heap before GC invocations=27 (full 0):
 garbage-first heap   total 499712K, used 242784K [0x00000000c0000000, 0x00000000c0100f40, 0x0000000100000000)
  region size 1024K, 94 young (96256K), 3 survivors (3072K)
 Metaspace       used 47161K, capacity 49708K, committed 49872K, reserved 1093632K
  class space    used 5742K, capacity 6617K, committed 6656K, reserved 1048576K

